<?xml version="1.0" encoding="UTF-8" ?>
<testsuite errors="0" failures="11" hostname="correct-name" name="Lab3Test" skipped="0" tests="11" time="0.268" timestamp="2018-06-01T11:56:33">
  <properties>
[...]
</properties>
  <testcase classname="Lab3Test" name="testLab3[0]" time="0.026">
    <failure message="Check input 0 expected:&lt;...ined area are:&#xa;  {-5[,0; -5,0}&#xa;  {4,0; 4,0}&#xa;  {-1,0; -1,0}&#xa;  {2,0; 1,0}&#xa;  {4,0; -4,0}&#xa;  {-5,0; 3,0}&#xa;  {2,0; -1,]0}&#xa;&gt; but was:&lt;...ined area are:&#xa;  {-5[.0; -5.0}&#xa;  {4.0; 4.0}&#xa;  {-1.0; -1.0}&#xa;  {2.0; 1.0}&#xa;  {4.0; -4.0}&#xa;  {-5.0; 3.0}&#xa;  {2.0; -1.]0}&#xa;&gt;" type="junit.framework.AssertionFailedError">junit.framework.AssertionFailedError: Check input 0 expected:&lt;...ined area are:
  {-5[,0; -5,0}
  {4,0; 4,0}
  {-1,0; -1,0}
  {2,0; 1,0}
  {4,0; -4,0}
  {-5,0; 3,0}
  {2,0; -1,]0}
&gt; but was:&lt;...ined area are:
  {-5[.0; -5.0}
  {4.0; 4.0}
  {-1.0; -1.0}
  {2.0; 1.0}
  {4.0; -4.0}
  {-5.0; 3.0}
  {2.0; -1.]0}
&gt;
	at Lab3Test.testLab3(Unknown Source)
</failure>
  </testcase>
  <testcase classname="Lab3Test" name="testLab3[1]" time="0.0070">
    <failure message="Check input 0.5 expected:&lt;...ined area are:&#xa;  {-5[,0; -5,0}&#xa;  {4,0; 4,0}&#xa;  {-1,0; -1,0}&#xa;  {2,0; 1,0}&#xa;  {4,0; -4,0}&#xa;  {-5,0; 3,0}&#xa;  {2,0; -1,]0}&#xa;&gt; but was:&lt;...ined area are:&#xa;  {-5[.0; -5.0}&#xa;  {4.0; 4.0}&#xa;  {-1.0; -1.0}&#xa;  {2.0; 1.0}&#xa;  {4.0; -4.0}&#xa;  {-5.0; 3.0}&#xa;  {2.0; -1.]0}&#xa;&gt;" type="junit.framework.AssertionFailedError">junit.framework.AssertionFailedError: Check input 0.5 expected:&lt;...ined area are:
  {-5[,0; -5,0}
  {4,0; 4,0}
  {-1,0; -1,0}
  {2,0; 1,0}
  {4,0; -4,0}
  {-5,0; 3,0}
  {2,0; -1,]0}
&gt; but was:&lt;...ined area are:
  {-5[.0; -5.0}
  {4.0; 4.0}
  {-1.0; -1.0}
  {2.0; 1.0}
  {4.0; -4.0}
  {-5.0; 3.0}
  {2.0; -1.]0}
&gt;
	at Lab3Test.testLab3(Unknown Source)
</failure>
  </testcase>
  <testcase classname="Lab3Test" name="testLab3[2]" time="0.0070">
    <failure message="Check input 2 expected:&lt;...ined area are:&#xa;  {-5[,0; -5,0}&#xa;  {4,0; 4,0}&#xa;  {2,0; 1,0}&#xa;  {4,0; -4,0}&#xa;  {-5,0; 3,0}&#xa;  {2,0; -1,]0}&#xa;&gt; but was:&lt;...ined area are:&#xa;  {-5[.0; -5.0}&#xa;  {4.0; 4.0}&#xa;  {2.0; 1.0}&#xa;  {4.0; -4.0}&#xa;  {-5.0; 3.0}&#xa;  {2.0; -1.]0}&#xa;&gt;" type="junit.framework.AssertionFailedError">junit.framework.AssertionFailedError: Check input 2 expected:&lt;...ined area are:
  {-5[,0; -5,0}
  {4,0; 4,0}
  {2,0; 1,0}
  {4,0; -4,0}
  {-5,0; 3,0}
  {2,0; -1,]0}
&gt; but was:&lt;...ined area are:
  {-5[.0; -5.0}
  {4.0; 4.0}
  {2.0; 1.0}
  {4.0; -4.0}
  {-5.0; 3.0}
  {2.0; -1.]0}
&gt;
	at Lab3Test.testLab3(Unknown Source)
</failure>
  </testcase>
  <testcase classname="Lab3Test" name="testLab3[3]" time="0.037">
    <failure message="Check input 4 expected:&lt;...ined area are:&#xa;  {-5[,0; -5,0}&#xa;  {4,0; 4,0}&#xa;  {4,0; -4,0}&#xa;  {-5,0; 3,0}&#xa;  {2,0; -1,]0}&#xa;&gt; but was:&lt;...ined area are:&#xa;  {-5[.0; -5.0}&#xa;  {4.0; 4.0}&#xa;  {4.0; -4.0}&#xa;  {-5.0; 3.0}&#xa;  {2.0; -1.]0}&#xa;&gt;" type="junit.framework.AssertionFailedError">junit.framework.AssertionFailedError: Check input 4 expected:&lt;...ined area are:
  {-5[,0; -5,0}
  {4,0; 4,0}
  {4,0; -4,0}
  {-5,0; 3,0}
  {2,0; -1,]0}
&gt; but was:&lt;...ined area are:
  {-5[.0; -5.0}
  {4.0; 4.0}
  {4.0; -4.0}
  {-5.0; 3.0}
  {2.0; -1.]0}
&gt;
	at Lab3Test.testLab3(Unknown Source)
</failure>
  </testcase>
  <testcase classname="Lab3Test" name="testLab3[4]" time="0.024">
    <failure message="Check input 4.48 expected:&lt;...ined area are:&#xa;  {-5[,0; -5,0}&#xa;  {4,0; 4,0}&#xa;  {4,0; -4,0}&#xa;  {-5,0; 3,]0}&#xa;&gt; but was:&lt;...ined area are:&#xa;  {-5[.0; -5.0}&#xa;  {4.0; 4.0}&#xa;  {4.0; -4.0}&#xa;  {-5.0; 3.]0}&#xa;&gt;" type="junit.framework.AssertionFailedError">junit.framework.AssertionFailedError: Check input 4.48 expected:&lt;...ined area are:
  {-5[,0; -5,0}
  {4,0; 4,0}
  {4,0; -4,0}
  {-5,0; 3,]0}
&gt; but was:&lt;...ined area are:
  {-5[.0; -5.0}
  {4.0; 4.0}
  {4.0; -4.0}
  {-5.0; 3.]0}
&gt;
	at Lab3Test.testLab3(Unknown Source)
</failure>
  </testcase>
  <testcase classname="Lab3Test" name="testLab3[5]" time="0.0060">
    <failure message="Check input 8 expected:&lt;...ined area are:&#xa;  {-5[,0; -5,0}&#xa;  {4,0; -4,0}&#xa;  {-5,0; 3,]0}&#xa;&gt; but was:&lt;...ined area are:&#xa;  {-5[.0; -5.0}&#xa;  {4.0; -4.0}&#xa;  {-5.0; 3.]0}&#xa;&gt;" type="junit.framework.AssertionFailedError">junit.framework.AssertionFailedError: Check input 8 expected:&lt;...ined area are:
  {-5[,0; -5,0}
  {4,0; -4,0}
  {-5,0; 3,]0}
&gt; but was:&lt;...ined area are:
  {-5[.0; -5.0}
  {4.0; -4.0}
  {-5.0; 3.]0}
&gt;
	at Lab3Test.testLab3(Unknown Source)
</failure>
  </testcase>
  <testcase classname="Lab3Test" name="testLab3[6]" time="0.0050">
    <failure message="Check input 10 expected:&lt;...fined area are:&#xa;  {4[,0; -4,0}&#xa;  {-5,0; 3,]0}&#xa;&gt; but was:&lt;...fined area are:&#xa;  {4[.0; -4.0}&#xa;  {-5.0; 3.]0}&#xa;&gt;" type="junit.framework.AssertionFailedError">junit.framework.AssertionFailedError: Check input 10 expected:&lt;...fined area are:
  {4[,0; -4,0}
  {-5,0; 3,]0}
&gt; but was:&lt;...fined area are:
  {4[.0; -4.0}
  {-5.0; 3.]0}
&gt;
	at Lab3Test.testLab3(Unknown Source)
</failure>
  </testcase>
  <testcase classname="Lab3Test" name="testLab3[7]" time="0.013">
    <failure message="Check input 11.32 expected:&lt;...ined area are:&#xa;  {-5[,0; 3,]0}&#xa;&gt; but was:&lt;...ined area are:&#xa;  {-5[.0; 3.]0}&#xa;&gt;" type="junit.framework.AssertionFailedError">junit.framework.AssertionFailedError: Check input 11.32 expected:&lt;...ined area are:
  {-5[,0; 3,]0}
&gt; but was:&lt;...ined area are:
  {-5[.0; 3.]0}
&gt;
	at Lab3Test.testLab3(Unknown Source)
</failure>
  </testcase>
  <testcase classname="Lab3Test" name="testLab3[8]" time="0.0030">
    <failure message="Check input 12 expected:&lt;...ined area are:&#xa;  {-5[,0; 3,]0}&#xa;&gt; but was:&lt;...ined area are:&#xa;  {-5[.0; 3.]0}&#xa;&gt;" type="junit.framework.AssertionFailedError">junit.framework.AssertionFailedError: Check input 12 expected:&lt;...ined area are:
  {-5[,0; 3,]0}
&gt; but was:&lt;...ined area are:
  {-5[.0; 3.]0}
&gt;
	at Lab3Test.testLab3(Unknown Source)
</failure>
  </testcase>
  <testcase classname="Lab3Test" name="testLab3[9]" time="0.0050">
    <failure message="Check input fwef&#xa;12 expected:&lt;Enter a number: E[ntered string is not a number, try again.&#xa;Enter a number: Points not included in the defined area are:&#xa;  {-5,0; 3,]0}&#xa;&gt; but was:&lt;Enter a number: E[tered string is not a number, try again.&#xa;Enter a number: Points not included in the defined area are:&#xa;  {-5.0; 3.]0}&#xa;&gt;" type="junit.framework.AssertionFailedError">junit.framework.AssertionFailedError: Check input fwef
12 expected:&lt;Enter a number: E[ntered string is not a number, try again.
Enter a number: Points not included in the defined area are:
  {-5,0; 3,]0}
&gt; but was:&lt;Enter a number: E[tered string is not a number, try again.
Enter a number: Points not included in the defined area are:
  {-5.0; 3.]0}
&gt;
	at Lab3Test.testLab3(Unknown Source)
</failure>
  </testcase>
  <testcase classname="Lab3Test" name="testLab3[10]" time="0.017">
    <failure message="Check input -1&#xa;12 expected:&lt;Enter a number: [Radius cant&apos;t be negative, try again.&#xa; Enter a number: Points not included in the defined area are:&#xa;  {-5,0; 3,]0}&#xa;&gt; but was:&lt;Enter a number: [Points not included in the defined area are:&#xa;  {-5.0; -5.0}&#xa;  {4.0; 4.0}&#xa;  {-1.0; -1.0}&#xa;  {2.0; 1.0}&#xa;  {4.0; -4.0}&#xa;  {-5.0; 3.0}&#xa;  {2.0; -1.]0}&#xa;&gt;" type="junit.framework.AssertionFailedError">junit.framework.AssertionFailedError: Check input -1
12 expected:&lt;Enter a number: [Radius cant&apos;t be negative, try again.
 Enter a number: Points not included in the defined area are:
  {-5,0; 3,]0}
&gt; but was:&lt;Enter a number: [Points not included in the defined area are:
  {-5.0; -5.0}
  {4.0; 4.0}
  {-1.0; -1.0}
  {2.0; 1.0}
  {4.0; -4.0}
  {-5.0; 3.0}
  {2.0; -1.]0}
&gt;
	at Lab3Test.testLab3(Unknown Source)
</failure>
  </testcase>
  <system-out><![CDATA[]]></system-out>
  <system-err><![CDATA[]]></system-err>
</testsuite>
