<?xml version="1.0" encoding="UTF-8" ?>
<testsuite errors="0" failures="0" hostname="correct-name" name="ContornoTest" skipped="0" tests="5" time="0.082" timestamp="2018-06-01T11:56:33">
  <properties>
[...]
</properties>
  <testcase classname="ContornoTest" name="testQurter1" time="0.0020" />
  <testcase classname="ContornoTest" name="testQurter2" time="0.0" />
  <testcase classname="ContornoTest" name="testQurter3" time="0.0" />
  <testcase classname="ContornoTest" name="testQurter4" time="0.0" />
  <testcase classname="ContornoTest" name="testCenter" time="0.0010" />
  <system-out><![CDATA[]]></system-out>
  <system-err><![CDATA[]]></system-err>
</testsuite>
